glosscheck: <valsi xmlns="http://docbook.org/ns/docbook">.a</valsi> --  -- 
glosscheck: <valsi xmlns="http://docbook.org/ns/docbook">.abu</valsi> --  -- 
glosscheck: <valsi xmlns="http://docbook.org/ns/docbook">.ai</valsi> --  -- 
glosscheck: <valsi xmlns="http://docbook.org/ns/docbook">.ainai</valsi> --  -- 
glosscheck: <valsi xmlns="http://docbook.org/ns/docbook">.alis.</valsi> --  -- 
glosscheck: <valsi xmlns="http://docbook.org/ns/docbook">.a'o</valsi> --  -- 
glosscheck: <valsi xmlns="http://docbook.org/ns/docbook">.au</valsi> --  -- 
glosscheck: <valsi xmlns="http://docbook.org/ns/docbook">.a'u</valsi> --  -- 
glosscheck: <valsi xmlns="http://docbook.org/ns/docbook">.dinas.</valsi> --  -- 
glosscheck: <valsi xmlns="http://docbook.org/ns/docbook">.e</valsi> --  -- 
glosscheck: <valsi xmlns="http://docbook.org/ns/docbook">.e'a</valsi> --  -- 
glosscheck: <valsi xmlns="http://docbook.org/ns/docbook">.ei</valsi> --  -- 
glosscheck: <valsi xmlns="http://docbook.org/ns/docbook">.elis.</valsi> --  -- 
glosscheck: <valsi xmlns="http://docbook.org/ns/docbook">.e'o</valsi> --  -- 
glosscheck: <valsi xmlns="http://docbook.org/ns/docbook">.i</valsi> --  -- 
glosscheck: <valsi xmlns="http://docbook.org/ns/docbook">.ia</valsi> --  -- 
glosscheck: <valsi xmlns="http://docbook.org/ns/docbook">.ianai</valsi> --  -- 
glosscheck: <valsi xmlns="http://docbook.org/ns/docbook">.ibabo</valsi> --  -- 
glosscheck: <valsi xmlns="http://docbook.org/ns/docbook">.ibazabo</valsi> --  -- 
glosscheck: <valsi xmlns="http://docbook.org/ns/docbook">.ibazibo</valsi> --  -- 
glosscheck: <valsi xmlns="http://docbook.org/ns/docbook">.icabo</valsi> --  -- 
glosscheck: <valsi xmlns="http://docbook.org/ns/docbook">.ie</valsi> --  -- 
glosscheck: <valsi xmlns="http://docbook.org/ns/docbook">.iesai</valsi> --  -- 
glosscheck: <valsi xmlns="http://docbook.org/ns/docbook">.iicai</valsi> --  -- 
glosscheck: <valsi xmlns="http://docbook.org/ns/docbook">.ija'ebo</valsi> --  -- 
glosscheck: <valsi xmlns="http://docbook.org/ns/docbook">.ije</valsi> --  -- 
glosscheck: <valsi xmlns="http://docbook.org/ns/docbook">.iki'ubo</valsi> --  -- 
glosscheck: <valsi xmlns="http://docbook.org/ns/docbook">.ini'ibo</valsi> --  -- 
glosscheck: <valsi xmlns="http://docbook.org/ns/docbook">.iseju</valsi> --  -- 
glosscheck: <valsi xmlns="http://docbook.org/ns/docbook">.iseki'ubo</valsi> --  -- 
glosscheck: <valsi xmlns="http://docbook.org/ns/docbook">.isemu'ibo</valsi> --  -- 
glosscheck: <valsi xmlns="http://docbook.org/ns/docbook">.lu,is.karol.</valsi> --  -- 
glosscheck: <valsi xmlns="http://docbook.org/ns/docbook">.maikl.turnianskis.</valsi> --  -- 
glosscheck: <valsi xmlns="http://docbook.org/ns/docbook">.mulis.</valsi> --  -- 
glosscheck: <valsi xmlns="http://docbook.org/ns/docbook">.o'e</valsi> --  -- 
glosscheck: <valsi xmlns="http://docbook.org/ns/docbook">.oi</valsi> --  -- 
glosscheck: <valsi xmlns="http://docbook.org/ns/docbook">.o'ocu'i</valsi> --  -- 
glosscheck: <valsi xmlns="http://docbook.org/ns/docbook">.saras.tizdeil.</valsi> --  -- 
glosscheck: <valsi xmlns="http://docbook.org/ns/docbook">.teris.</valsi> --  -- 
glosscheck: <valsi xmlns="http://docbook.org/ns/docbook">.ua</valsi> --  -- 
glosscheck: <valsi xmlns="http://docbook.org/ns/docbook">.u'a</valsi> --  -- 
glosscheck: <valsi xmlns="http://docbook.org/ns/docbook">.ue</valsi> --  -- 
glosscheck: <valsi xmlns="http://docbook.org/ns/docbook">.uesai</valsi> --  -- 
glosscheck: <valsi xmlns="http://docbook.org/ns/docbook">.uinai</valsi> --  -- 
glosscheck: <valsi xmlns="http://docbook.org/ns/docbook">.uisai</valsi> --  -- 
glosscheck: <valsi xmlns="http://docbook.org/ns/docbook">.uisaidai</valsi> --  -- 
glosscheck: <valsi xmlns="http://docbook.org/ns/docbook">.uo</valsi> --  -- 
glosscheck: <valsi xmlns="http://docbook.org/ns/docbook">.u'o</valsi> --  -- 
glosscheck: <valsi xmlns="http://docbook.org/ns/docbook">.uu</valsi> --  -- 
glosscheck: <valsi xmlns="http://docbook.org/ns/docbook">.u'u</valsi> --  -- 
glosscheck: <valsi xmlns="http://docbook.org/ns/docbook">.zois.</valsi> --  -- 
glosscheck: <valsi xmlns="http://docbook.org/ns/docbook">a</valsi> --  -- 
glosscheck: <valsi xmlns="http://docbook.org/ns/docbook">a'u</valsi> --  -- 
glosscheck: <valsi xmlns="http://docbook.org/ns/docbook">ba</valsi> --  -- 
glosscheck: <valsi xmlns="http://docbook.org/ns/docbook">badri</valsi> --  -- 
glosscheck: <valsi xmlns="http://docbook.org/ns/docbook">ba'e</valsi> --  -- 
glosscheck: <valsi xmlns="http://docbook.org/ns/docbook">bajra</valsi> --  -- 
glosscheck: <valsi xmlns="http://docbook.org/ns/docbook">baku</valsi> --  -- 
glosscheck: <valsi xmlns="http://docbook.org/ns/docbook">banfi</valsi> --  -- 
glosscheck: <valsi xmlns="http://docbook.org/ns/docbook">banli</valsi> --  -- 
glosscheck: <valsi xmlns="http://docbook.org/ns/docbook">banzu</valsi> --  -- 
glosscheck: <valsi xmlns="http://docbook.org/ns/docbook">ba'o</valsi> --  -- 
glosscheck: <valsi xmlns="http://docbook.org/ns/docbook">barda</valsi> --  -- 
glosscheck: <valsi xmlns="http://docbook.org/ns/docbook">bartu</valsi> --  -- 
glosscheck: <valsi xmlns="http://docbook.org/ns/docbook">bazi</valsi> --  -- 
glosscheck: <valsi xmlns="http://docbook.org/ns/docbook">baziku</valsi> --  -- 
glosscheck: <valsi xmlns="http://docbook.org/ns/docbook">bazu</valsi> --  -- 
glosscheck: <valsi xmlns="http://docbook.org/ns/docbook">be</valsi> --  -- 
glosscheck: <valsi xmlns="http://docbook.org/ns/docbook">bebna</valsi> --  -- 
glosscheck: <valsi xmlns="http://docbook.org/ns/docbook">bei</valsi> --  -- 
glosscheck: <valsi xmlns="http://docbook.org/ns/docbook">be'o</valsi> --  -- 
glosscheck: <valsi xmlns="http://docbook.org/ns/docbook">bernanjudri</valsi> --  -- 
glosscheck: <valsi xmlns="http://docbook.org/ns/docbook">bersa</valsi> --  -- 
glosscheck: <valsi xmlns="http://docbook.org/ns/docbook">berti</valsi> --  -- 
glosscheck: <valsi xmlns="http://docbook.org/ns/docbook">bilga</valsi> --  -- 
glosscheck: <valsi xmlns="http://docbook.org/ns/docbook">bitmu</valsi> --  -- 
glosscheck: <valsi xmlns="http://docbook.org/ns/docbook">bi'unai</valsi> --  -- 
glosscheck: <valsi xmlns="http://docbook.org/ns/docbook">blabi</valsi> --  -- 
glosscheck: <valsi xmlns="http://docbook.org/ns/docbook">blaci</valsi> --  -- 
glosscheck: <valsi xmlns="http://docbook.org/ns/docbook">bo</valsi> --  -- 
glosscheck: <valsi xmlns="http://docbook.org/ns/docbook">botpi</valsi> --  -- 
glosscheck: <valsi xmlns="http://docbook.org/ns/docbook">bradi</valsi> --  -- 
glosscheck: <valsi xmlns="http://docbook.org/ns/docbook">brife</valsi> --  -- 
glosscheck: <valsi xmlns="http://docbook.org/ns/docbook">bu</valsi> --  -- 
glosscheck: <valsi xmlns="http://docbook.org/ns/docbook">bu'o</valsi> --  -- 
glosscheck: <valsi xmlns="http://docbook.org/ns/docbook">bu'u</valsi> --  -- 
glosscheck: <valsi xmlns="http://docbook.org/ns/docbook">by.by.</valsi> --  -- 
glosscheck: <valsi xmlns="http://docbook.org/ns/docbook">ca</valsi> --  -- 
glosscheck: <valsi xmlns="http://docbook.org/ns/docbook">cabna</valsi> --  -- 
glosscheck: <valsi xmlns="http://docbook.org/ns/docbook">cabnicte</valsi> --  -- 
glosscheck: <valsi xmlns="http://docbook.org/ns/docbook">cadzu</valsi> --  -- 
glosscheck: <valsi xmlns="http://docbook.org/ns/docbook">cafne</valsi> --  -- 
glosscheck: <valsi xmlns="http://docbook.org/ns/docbook">caku</valsi> --  -- 
glosscheck: <valsi xmlns="http://docbook.org/ns/docbook">canci</valsi> --  -- 
glosscheck: <valsi xmlns="http://docbook.org/ns/docbook">canko</valsi> --  -- 
glosscheck: <valsi xmlns="http://docbook.org/ns/docbook">canlu</valsi> --  -- 
glosscheck: <valsi xmlns="http://docbook.org/ns/docbook">ca'o</valsi> --  -- 
glosscheck: <valsi xmlns="http://docbook.org/ns/docbook">carmi</valsi> --  -- 
glosscheck: <valsi xmlns="http://docbook.org/ns/docbook">carna</valsi> --  -- 
glosscheck: <valsi xmlns="http://docbook.org/ns/docbook">cartu</valsi> --  -- 
glosscheck: <valsi xmlns="http://docbook.org/ns/docbook">carvi</valsi> --  -- 
glosscheck: <valsi xmlns="http://docbook.org/ns/docbook">casnu</valsi> --  -- 
glosscheck: <valsi xmlns="http://docbook.org/ns/docbook">catlu</valsi> --  -- 
glosscheck: <valsi xmlns="http://docbook.org/ns/docbook">ce</valsi> --  -- 
glosscheck: <valsi xmlns="http://docbook.org/ns/docbook">cedra</valsi> --  -- 
glosscheck: <valsi xmlns="http://docbook.org/ns/docbook">cerni</valsi> --  -- 
glosscheck: <valsi xmlns="http://docbook.org/ns/docbook">certu</valsi> --  -- 
glosscheck: <valsi xmlns="http://docbook.org/ns/docbook">ce'u</valsi> --  -- 
glosscheck: <valsi xmlns="http://docbook.org/ns/docbook">ci</valsi> --  -- 
glosscheck: <valsi xmlns="http://docbook.org/ns/docbook">ciblu</valsi> --  -- 
glosscheck: <valsi xmlns="http://docbook.org/ns/docbook">cidni</valsi> --  -- 
glosscheck: <valsi xmlns="http://docbook.org/ns/docbook">cikna</valsi> --  -- 
glosscheck: <valsi xmlns="http://docbook.org/ns/docbook">cilce</valsi> --  -- 
glosscheck: <valsi xmlns="http://docbook.org/ns/docbook">cilre</valsi> --  -- 
glosscheck: <valsi xmlns="http://docbook.org/ns/docbook">cilre.</valsi> --  -- 
glosscheck: <valsi xmlns="http://docbook.org/ns/docbook">cimoi</valsi> --  -- 
glosscheck: <valsi xmlns="http://docbook.org/ns/docbook">cipni</valsi> --  -- 
glosscheck: <valsi xmlns="http://docbook.org/ns/docbook">ciska</valsi> --  -- 
glosscheck: <valsi xmlns="http://docbook.org/ns/docbook">citka</valsi> --  -- 
glosscheck: <valsi xmlns="http://docbook.org/ns/docbook">cizra</valsi> --  -- 
glosscheck: <valsi xmlns="http://docbook.org/ns/docbook">ckaji</valsi> --  -- 
glosscheck: <valsi xmlns="http://docbook.org/ns/docbook">ckiku</valsi> --  -- 
glosscheck: <valsi xmlns="http://docbook.org/ns/docbook">ckule</valsi> --  -- 
glosscheck: <valsi xmlns="http://docbook.org/ns/docbook">cladu</valsi> --  -- 
glosscheck: <valsi xmlns="http://docbook.org/ns/docbook">clani</valsi> --  -- 
glosscheck: <valsi xmlns="http://docbook.org/ns/docbook">clira</valsi> --  -- 
glosscheck: <valsi xmlns="http://docbook.org/ns/docbook">cliva</valsi> --  -- 
glosscheck: <valsi xmlns="http://docbook.org/ns/docbook">cmacma</valsi> --  -- 
glosscheck: <valsi xmlns="http://docbook.org/ns/docbook">cmalu</valsi> --  -- 
glosscheck: <valsi xmlns="http://docbook.org/ns/docbook">cmana</valsi> --  -- 
glosscheck: <valsi xmlns="http://docbook.org/ns/docbook">cmene</valsi> --  -- 
glosscheck: <valsi xmlns="http://docbook.org/ns/docbook">cnebo</valsi> --  -- 
glosscheck: <valsi xmlns="http://docbook.org/ns/docbook">cnita</valsi> --  -- 
glosscheck: <valsi xmlns="http://docbook.org/ns/docbook">co</valsi> --  -- 
glosscheck: <valsi xmlns="http://docbook.org/ns/docbook">co'a</valsi> --  -- 
glosscheck: <valsi xmlns="http://docbook.org/ns/docbook">co'e</valsi> --  -- 
glosscheck: <valsi xmlns="http://docbook.org/ns/docbook">co'i</valsi> --  -- 
glosscheck: <valsi xmlns="http://docbook.org/ns/docbook">condi</valsi> --  -- 
glosscheck: <valsi xmlns="http://docbook.org/ns/docbook">co'u</valsi> --  -- 
glosscheck: <valsi xmlns="http://docbook.org/ns/docbook">cpana</valsi> --  -- 
glosscheck: <valsi xmlns="http://docbook.org/ns/docbook">crane</valsi> --  -- 
glosscheck: <valsi xmlns="http://docbook.org/ns/docbook">crepu</valsi> --  -- 
glosscheck: <valsi xmlns="http://docbook.org/ns/docbook">ctuca</valsi> --  -- 
glosscheck: <valsi xmlns="http://docbook.org/ns/docbook">cu</valsi> --  -- 
glosscheck: <valsi xmlns="http://docbook.org/ns/docbook">cu'i</valsi> --  -- 
glosscheck: <valsi xmlns="http://docbook.org/ns/docbook">cukta</valsi> --  -- 
glosscheck: <valsi xmlns="http://docbook.org/ns/docbook">culno</valsi> --  -- 
glosscheck: <valsi xmlns="http://docbook.org/ns/docbook">cumki</valsi> --  -- 
glosscheck: <valsi xmlns="http://docbook.org/ns/docbook">cupra</valsi> --  -- 
glosscheck: <valsi xmlns="http://docbook.org/ns/docbook">curmi</valsi> --  -- 
glosscheck: <valsi xmlns="http://docbook.org/ns/docbook">cusku</valsi> --  -- 
glosscheck: <valsi xmlns="http://docbook.org/ns/docbook">da</valsi> --  -- 
glosscheck: <valsi xmlns="http://docbook.org/ns/docbook">dai</valsi> --  -- 
glosscheck: <valsi xmlns="http://docbook.org/ns/docbook">da'i</valsi> --  -- 
glosscheck: <valsi xmlns="http://docbook.org/ns/docbook">dakfu</valsi> --  -- 
glosscheck: <valsi xmlns="http://docbook.org/ns/docbook">dandu</valsi> --  -- 
glosscheck: <valsi xmlns="http://docbook.org/ns/docbook">danlu</valsi> --  -- 
glosscheck: <valsi xmlns="http://docbook.org/ns/docbook">darsi</valsi> --  -- 
glosscheck: <valsi xmlns="http://docbook.org/ns/docbook">darvistci</valsi> --  -- 
glosscheck: <valsi xmlns="http://docbook.org/ns/docbook">daski</valsi> --  -- 
glosscheck: <valsi xmlns="http://docbook.org/ns/docbook">dasni</valsi> --  -- 
glosscheck: <valsi xmlns="http://docbook.org/ns/docbook">degji</valsi> --  -- 
glosscheck: <valsi xmlns="http://docbook.org/ns/docbook">degygutci</valsi> --  -- 
glosscheck: <valsi xmlns="http://docbook.org/ns/docbook">denpa</valsi> --  -- 
glosscheck: <valsi xmlns="http://docbook.org/ns/docbook">dertu</valsi> --  -- 
glosscheck: <valsi xmlns="http://docbook.org/ns/docbook">derxi</valsi> --  -- 
glosscheck: <valsi xmlns="http://docbook.org/ns/docbook">di'a</valsi> --  -- 
glosscheck: <valsi xmlns="http://docbook.org/ns/docbook">di'e</valsi> --  -- 
glosscheck: <valsi xmlns="http://docbook.org/ns/docbook">dirba</valsi> --  -- 
glosscheck: <valsi xmlns="http://docbook.org/ns/docbook">dirce</valsi> --  -- 
glosscheck: <valsi xmlns="http://docbook.org/ns/docbook">di'u</valsi> --  -- 
glosscheck: <valsi xmlns="http://docbook.org/ns/docbook">dizlo</valsi> --  -- 
glosscheck: <valsi xmlns="http://docbook.org/ns/docbook">djedi</valsi> --  -- 
glosscheck: <valsi xmlns="http://docbook.org/ns/docbook">djica</valsi> --  -- 
glosscheck: <valsi xmlns="http://docbook.org/ns/docbook">djuno</valsi> --  -- 
glosscheck: <valsi xmlns="http://docbook.org/ns/docbook">do</valsi> --  -- 
glosscheck: <valsi xmlns="http://docbook.org/ns/docbook">do'anai</valsi> --  -- 
glosscheck: <valsi xmlns="http://docbook.org/ns/docbook">doi</valsi> --  -- 
glosscheck: <valsi xmlns="http://docbook.org/ns/docbook">donri</valsi> --  -- 
glosscheck: <valsi xmlns="http://docbook.org/ns/docbook">drani</valsi> --  -- 
glosscheck: <valsi xmlns="http://docbook.org/ns/docbook">drata</valsi> --  -- 
glosscheck: <valsi xmlns="http://docbook.org/ns/docbook">drudi</valsi> --  -- 
glosscheck: <valsi xmlns="http://docbook.org/ns/docbook">du</valsi> --  -- 
glosscheck: <valsi xmlns="http://docbook.org/ns/docbook">du'e</valsi> --  -- 
glosscheck: <valsi xmlns="http://docbook.org/ns/docbook">du'u</valsi> --  -- 
glosscheck: <valsi xmlns="http://docbook.org/ns/docbook">fa</valsi> --  -- 
glosscheck: <valsi xmlns="http://docbook.org/ns/docbook">fa'a</valsi> --  -- 
glosscheck: <valsi xmlns="http://docbook.org/ns/docbook">facki</valsi> --  -- 
glosscheck: <valsi xmlns="http://docbook.org/ns/docbook">fadni</valsi> --  -- 
glosscheck: <valsi xmlns="http://docbook.org/ns/docbook">fagri</valsi> --  -- 
glosscheck: <valsi xmlns="http://docbook.org/ns/docbook">fai</valsi> --  -- 
glosscheck: <valsi xmlns="http://docbook.org/ns/docbook">fanmo</valsi> --  -- 
glosscheck: <valsi xmlns="http://docbook.org/ns/docbook">fanza</valsi> --  -- 
glosscheck: <valsi xmlns="http://docbook.org/ns/docbook">farlu</valsi> --  -- 
glosscheck: <valsi xmlns="http://docbook.org/ns/docbook">fasnu</valsi> --  -- 
glosscheck: <valsi xmlns="http://docbook.org/ns/docbook">fau</valsi> --  -- 
glosscheck: <valsi xmlns="http://docbook.org/ns/docbook">fa'u</valsi> --  -- 
glosscheck: <valsi xmlns="http://docbook.org/ns/docbook">fe</valsi> --  -- 
glosscheck: <valsi xmlns="http://docbook.org/ns/docbook">fe'u</valsi> --  -- 
glosscheck: <valsi xmlns="http://docbook.org/ns/docbook">fi</valsi> --  -- 
glosscheck: <valsi xmlns="http://docbook.org/ns/docbook">finpe</valsi> --  -- 
glosscheck: <valsi xmlns="http://docbook.org/ns/docbook">finti</valsi> --  -- 
glosscheck: <valsi xmlns="http://docbook.org/ns/docbook">fi'o</valsi> --  -- 
glosscheck: <valsi xmlns="http://docbook.org/ns/docbook">flaume</valsi> --  -- 
glosscheck: <valsi xmlns="http://docbook.org/ns/docbook">fo</valsi> --  -- 
glosscheck: <valsi xmlns="http://docbook.org/ns/docbook">foldi</valsi> --  -- 
glosscheck: <valsi xmlns="http://docbook.org/ns/docbook">fu'e</valsi> --  -- 
glosscheck: <valsi xmlns="http://docbook.org/ns/docbook">fu'o</valsi> --  -- 
glosscheck: <valsi xmlns="http://docbook.org/ns/docbook">ga</valsi> --  -- 
glosscheck: <valsi xmlns="http://docbook.org/ns/docbook">ganai</valsi> --  -- 
glosscheck: <valsi xmlns="http://docbook.org/ns/docbook">ganlo</valsi> --  -- 
glosscheck: <valsi xmlns="http://docbook.org/ns/docbook">ganse</valsi> --  -- 
glosscheck: <valsi xmlns="http://docbook.org/ns/docbook">gapru</valsi> --  -- 
glosscheck: <valsi xmlns="http://docbook.org/ns/docbook">gaskre</valsi> --  -- 
glosscheck: <valsi xmlns="http://docbook.org/ns/docbook">gasnu</valsi> --  -- 
glosscheck: <valsi xmlns="http://docbook.org/ns/docbook">gau</valsi> --  -- 
glosscheck: <valsi xmlns="http://docbook.org/ns/docbook">ga'u</valsi> --  -- 
glosscheck: <valsi xmlns="http://docbook.org/ns/docbook">ge</valsi> --  -- 
glosscheck: <valsi xmlns="http://docbook.org/ns/docbook">genxu</valsi> --  -- 
glosscheck: <valsi xmlns="http://docbook.org/ns/docbook">gi</valsi> --  -- 
glosscheck: <valsi xmlns="http://docbook.org/ns/docbook">gi'a</valsi> --  -- 
glosscheck: <valsi xmlns="http://docbook.org/ns/docbook">gidva</valsi> --  -- 
glosscheck: <valsi xmlns="http://docbook.org/ns/docbook">gi'e</valsi> --  -- 
glosscheck: <valsi xmlns="http://docbook.org/ns/docbook">gi'i</valsi> --  -- 
glosscheck: <valsi xmlns="http://docbook.org/ns/docbook">glare</valsi> --  -- 
glosscheck: <valsi xmlns="http://docbook.org/ns/docbook">gleki</valsi> --  -- 
glosscheck: <valsi xmlns="http://docbook.org/ns/docbook">goi</valsi> --  -- 
glosscheck: <valsi xmlns="http://docbook.org/ns/docbook">go'i</valsi> --  -- 
glosscheck: <valsi xmlns="http://docbook.org/ns/docbook">grana</valsi> --  -- 
glosscheck: <valsi xmlns="http://docbook.org/ns/docbook">grutrxananase</valsi> --  -- 
glosscheck: <valsi xmlns="http://docbook.org/ns/docbook">gugde</valsi> --  -- 
glosscheck: <valsi xmlns="http://docbook.org/ns/docbook">gunse</valsi> --  -- 
glosscheck: <valsi xmlns="http://docbook.org/ns/docbook">gusni</valsi> --  -- 
glosscheck: <valsi xmlns="http://docbook.org/ns/docbook">i</valsi> --  -- 
glosscheck: <valsi xmlns="http://docbook.org/ns/docbook">ja</valsi> --  -- 
glosscheck: <valsi xmlns="http://docbook.org/ns/docbook">ja'e</valsi> --  -- 
glosscheck: <valsi xmlns="http://docbook.org/ns/docbook">jai</valsi> --  -- 
glosscheck: <valsi xmlns="http://docbook.org/ns/docbook">jalge</valsi> --  -- 
glosscheck: <valsi xmlns="http://docbook.org/ns/docbook">jamfu</valsi> --  -- 
glosscheck: <valsi xmlns="http://docbook.org/ns/docbook">jamna</valsi> --  -- 
glosscheck: <valsi xmlns="http://docbook.org/ns/docbook">janco</valsi> --  -- 
glosscheck: <valsi xmlns="http://docbook.org/ns/docbook">ja'o</valsi> --  -- 
glosscheck: <valsi xmlns="http://docbook.org/ns/docbook">jarco</valsi> --  -- 
glosscheck: <valsi xmlns="http://docbook.org/ns/docbook">javni</valsi> --  -- 
glosscheck: <valsi xmlns="http://docbook.org/ns/docbook">jbini</valsi> --  -- 
glosscheck: <valsi xmlns="http://docbook.org/ns/docbook">jdari</valsi> --  -- 
glosscheck: <valsi xmlns="http://docbook.org/ns/docbook">jdica</valsi> --  -- 
glosscheck: <valsi xmlns="http://docbook.org/ns/docbook">jdice</valsi> --  -- 
glosscheck: <valsi xmlns="http://docbook.org/ns/docbook">jduli</valsi> --  -- 
glosscheck: <valsi xmlns="http://docbook.org/ns/docbook">je</valsi> --  -- 
glosscheck: <valsi xmlns="http://docbook.org/ns/docbook">je'a</valsi> --  -- 
glosscheck: <valsi xmlns="http://docbook.org/ns/docbook">je'e</valsi> --  -- 
glosscheck: <valsi xmlns="http://docbook.org/ns/docbook">jei</valsi> --  -- 
glosscheck: <valsi xmlns="http://docbook.org/ns/docbook">jenai</valsi> --  -- 
glosscheck: <valsi xmlns="http://docbook.org/ns/docbook">jersi</valsi> --  -- 
glosscheck: <valsi xmlns="http://docbook.org/ns/docbook">jetce</valsi> --  -- 
glosscheck: <valsi xmlns="http://docbook.org/ns/docbook">jetnu</valsi> --  -- 
glosscheck: <valsi xmlns="http://docbook.org/ns/docbook">je'u</valsi> --  -- 
glosscheck: <valsi xmlns="http://docbook.org/ns/docbook">jgari</valsi> --  -- 
glosscheck: <valsi xmlns="http://docbook.org/ns/docbook">ji'a</valsi> --  -- 
glosscheck: <valsi xmlns="http://docbook.org/ns/docbook">ji'asai</valsi> --  -- 
glosscheck: <valsi xmlns="http://docbook.org/ns/docbook">jibni</valsi> --  -- 
glosscheck: <valsi xmlns="http://docbook.org/ns/docbook">ji'i</valsi> --  -- 
glosscheck: <valsi xmlns="http://docbook.org/ns/docbook">jinto</valsi> --  -- 
glosscheck: <valsi xmlns="http://docbook.org/ns/docbook">jinvi</valsi> --  -- 
glosscheck: <valsi xmlns="http://docbook.org/ns/docbook">jo'u</valsi> --  -- 
glosscheck: <valsi xmlns="http://docbook.org/ns/docbook">ju'a</valsi> --  -- 
glosscheck: <valsi xmlns="http://docbook.org/ns/docbook">jubme</valsi> --  -- 
glosscheck: <valsi xmlns="http://docbook.org/ns/docbook">ju'i</valsi> --  -- 
glosscheck: <valsi xmlns="http://docbook.org/ns/docbook">jukpa</valsi> --  -- 
glosscheck: <valsi xmlns="http://docbook.org/ns/docbook">junla</valsi> --  -- 
glosscheck: <valsi xmlns="http://docbook.org/ns/docbook">ju'o</valsi> --  -- 
glosscheck: <valsi xmlns="http://docbook.org/ns/docbook">ka</valsi> --  -- 
glosscheck: <valsi xmlns="http://docbook.org/ns/docbook">kabri</valsi> --  -- 
glosscheck: <valsi xmlns="http://docbook.org/ns/docbook">ka'e</valsi> --  -- 
glosscheck: <valsi xmlns="http://docbook.org/ns/docbook">kajna</valsi> --  -- 
glosscheck: <valsi xmlns="http://docbook.org/ns/docbook">kakne</valsi> --  -- 
glosscheck: <valsi xmlns="http://docbook.org/ns/docbook">kalri</valsi> --  -- 
glosscheck: <valsi xmlns="http://docbook.org/ns/docbook">kanla</valsi> --  -- 
glosscheck: <valsi xmlns="http://docbook.org/ns/docbook">kansa</valsi> --  -- 
glosscheck: <valsi xmlns="http://docbook.org/ns/docbook">kau</valsi> --  -- 
glosscheck: <valsi xmlns="http://docbook.org/ns/docbook">ka'u</valsi> --  -- 
glosscheck: <valsi xmlns="http://docbook.org/ns/docbook">kavbu</valsi> --  -- 
glosscheck: <valsi xmlns="http://docbook.org/ns/docbook">ke</valsi> --  -- 
glosscheck: <valsi xmlns="http://docbook.org/ns/docbook">ke'a</valsi> --  -- 
glosscheck: <valsi xmlns="http://docbook.org/ns/docbook">kei</valsi> --  -- 
glosscheck: <valsi xmlns="http://docbook.org/ns/docbook">kelci</valsi> --  -- 
glosscheck: <valsi xmlns="http://docbook.org/ns/docbook">kerlo</valsi> --  -- 
glosscheck: <valsi xmlns="http://docbook.org/ns/docbook">kevna</valsi> --  -- 
glosscheck: <valsi xmlns="http://docbook.org/ns/docbook">ki</valsi> --  -- 
glosscheck: <valsi xmlns="http://docbook.org/ns/docbook">kilto</valsi> --  -- 
glosscheck: <valsi xmlns="http://docbook.org/ns/docbook">ki'u</valsi> --  -- 
glosscheck: <valsi xmlns="http://docbook.org/ns/docbook">klama</valsi> --  -- 
glosscheck: <valsi xmlns="http://docbook.org/ns/docbook">ko</valsi> --  -- 
glosscheck: <valsi xmlns="http://docbook.org/ns/docbook">kojna</valsi> --  -- 
glosscheck: <valsi xmlns="http://docbook.org/ns/docbook">korbi</valsi> --  -- 
glosscheck: <valsi xmlns="http://docbook.org/ns/docbook">kosta</valsi> --  -- 
glosscheck: <valsi xmlns="http://docbook.org/ns/docbook">krefu</valsi> --  -- 
glosscheck: <valsi xmlns="http://docbook.org/ns/docbook">krixa</valsi> --  -- 
glosscheck: <valsi xmlns="http://docbook.org/ns/docbook">krorinsa</valsi> --  -- 
glosscheck: <valsi xmlns="http://docbook.org/ns/docbook">kruji</valsi> --  -- 
glosscheck: <valsi xmlns="http://docbook.org/ns/docbook">ku</valsi> --  -- 
glosscheck: <valsi xmlns="http://docbook.org/ns/docbook">kucli</valsi> --  -- 
glosscheck: <valsi xmlns="http://docbook.org/ns/docbook">ku'i</valsi> --  -- 
glosscheck: <valsi xmlns="http://docbook.org/ns/docbook">kumfa</valsi> --  -- 
glosscheck: <valsi xmlns="http://docbook.org/ns/docbook">kunti</valsi> --  -- 
glosscheck: <valsi xmlns="http://docbook.org/ns/docbook">la</valsi> --  -- 
glosscheck: <valsi xmlns="http://docbook.org/ns/docbook">la'a</valsi> --  -- 
glosscheck: <valsi xmlns="http://docbook.org/ns/docbook">la'asai</valsi> --  -- 
glosscheck: <valsi xmlns="http://docbook.org/ns/docbook">ladru</valsi> --  -- 
glosscheck: <valsi xmlns="http://docbook.org/ns/docbook">la'e</valsi> --  -- 
glosscheck: <valsi xmlns="http://docbook.org/ns/docbook">la'edi'e</valsi> --  -- 
glosscheck: <valsi xmlns="http://docbook.org/ns/docbook">la'edi'u</valsi> --  -- 
glosscheck: <valsi xmlns="http://docbook.org/ns/docbook">lanzu</valsi> --  -- 
glosscheck: <valsi xmlns="http://docbook.org/ns/docbook">le</valsi> --  -- 
glosscheck: <valsi xmlns="http://docbook.org/ns/docbook">ledu'u</valsi> --  -- 
glosscheck: <valsi xmlns="http://docbook.org/ns/docbook">le'e</valsi> --  -- 
glosscheck: <valsi xmlns="http://docbook.org/ns/docbook">lego'i</valsi> --  -- 
glosscheck: <valsi xmlns="http://docbook.org/ns/docbook">lei</valsi> --  -- 
glosscheck: <valsi xmlns="http://docbook.org/ns/docbook">le'i</valsi> --  -- 
glosscheck: <valsi xmlns="http://docbook.org/ns/docbook">leka</valsi> --  -- 
glosscheck: <valsi xmlns="http://docbook.org/ns/docbook">lenei</valsi> --  -- 
glosscheck: <valsi xmlns="http://docbook.org/ns/docbook">lenku</valsi> --  -- 
glosscheck: <valsi xmlns="http://docbook.org/ns/docbook">lenu</valsi> --  -- 
glosscheck: <valsi xmlns="http://docbook.org/ns/docbook">lerci</valsi> --  -- 
glosscheck: <valsi xmlns="http://docbook.org/ns/docbook">lerfu</valsi> --  -- 
glosscheck: <valsi xmlns="http://docbook.org/ns/docbook">lesi'o</valsi> --  -- 
glosscheck: <valsi xmlns="http://docbook.org/ns/docbook">li</valsi> --  -- 
glosscheck: <valsi xmlns="http://docbook.org/ns/docbook">lifri</valsi> --  -- 
glosscheck: <valsi xmlns="http://docbook.org/ns/docbook">lindi</valsi> --  -- 
glosscheck: <valsi xmlns="http://docbook.org/ns/docbook">linji</valsi> --  -- 
glosscheck: <valsi xmlns="http://docbook.org/ns/docbook">linsi</valsi> --  -- 
glosscheck: <valsi xmlns="http://docbook.org/ns/docbook">lisri</valsi> --  -- 
glosscheck: <valsi xmlns="http://docbook.org/ns/docbook">litru</valsi> --  -- 
glosscheck: <valsi xmlns="http://docbook.org/ns/docbook">li'u</valsi> --  -- 
glosscheck: <valsi xmlns="http://docbook.org/ns/docbook">lo</valsi> --  -- 
glosscheck: <valsi xmlns="http://docbook.org/ns/docbook">lo'e</valsi> --  -- 
glosscheck: <valsi xmlns="http://docbook.org/ns/docbook">loi</valsi> --  -- 
glosscheck: <valsi xmlns="http://docbook.org/ns/docbook">lo'i</valsi> --  -- 
glosscheck: <valsi xmlns="http://docbook.org/ns/docbook">loldi</valsi> --  -- 
glosscheck: <valsi xmlns="http://docbook.org/ns/docbook">lonu</valsi> --  -- 
glosscheck: <valsi xmlns="http://docbook.org/ns/docbook">lu</valsi> --  -- 
glosscheck: <valsi xmlns="http://docbook.org/ns/docbook">lu'a</valsi> --  -- 
glosscheck: <valsi xmlns="http://docbook.org/ns/docbook">lubu</valsi> --  -- 
glosscheck: <valsi xmlns="http://docbook.org/ns/docbook">lu'i</valsi> --  -- 
glosscheck: <valsi xmlns="http://docbook.org/ns/docbook">ma</valsi> --  -- 
glosscheck: <valsi xmlns="http://docbook.org/ns/docbook">mai</valsi> --  -- 
glosscheck: <valsi xmlns="http://docbook.org/ns/docbook">makau</valsi> --  -- 
glosscheck: <valsi xmlns="http://docbook.org/ns/docbook">mamta</valsi> --  -- 
glosscheck: <valsi xmlns="http://docbook.org/ns/docbook">manci</valsi> --  -- 
glosscheck: <valsi xmlns="http://docbook.org/ns/docbook">manku</valsi> --  -- 
glosscheck: <valsi xmlns="http://docbook.org/ns/docbook">mapti</valsi> --  -- 
glosscheck: <valsi xmlns="http://docbook.org/ns/docbook">marji</valsi> --  -- 
glosscheck: <valsi xmlns="http://docbook.org/ns/docbook">masno</valsi> --  -- 
glosscheck: <valsi xmlns="http://docbook.org/ns/docbook">matne</valsi> --  -- 
glosscheck: <valsi xmlns="http://docbook.org/ns/docbook">me</valsi> --  -- 
glosscheck: <valsi xmlns="http://docbook.org/ns/docbook">me'e</valsi> --  -- 
glosscheck: <valsi xmlns="http://docbook.org/ns/docbook">melbi</valsi> --  -- 
glosscheck: <valsi xmlns="http://docbook.org/ns/docbook">menli</valsi> --  -- 
glosscheck: <valsi xmlns="http://docbook.org/ns/docbook">mensi</valsi> --  -- 
glosscheck: <valsi xmlns="http://docbook.org/ns/docbook">mi</valsi> --  -- 
glosscheck: <valsi xmlns="http://docbook.org/ns/docbook">mi'a</valsi> --  -- 
glosscheck: <valsi xmlns="http://docbook.org/ns/docbook">midju</valsi> --  -- 
glosscheck: <valsi xmlns="http://docbook.org/ns/docbook">milxe</valsi> --  -- 
glosscheck: <valsi xmlns="http://docbook.org/ns/docbook">minli</valsi> --  -- 
glosscheck: <valsi xmlns="http://docbook.org/ns/docbook">mintu</valsi> --  -- 
glosscheck: <valsi xmlns="http://docbook.org/ns/docbook">mi'o</valsi> --  -- 
glosscheck: <valsi xmlns="http://docbook.org/ns/docbook">mixre</valsi> --  -- 
glosscheck: <valsi xmlns="http://docbook.org/ns/docbook">mlana</valsi> --  -- 
glosscheck: <valsi xmlns="http://docbook.org/ns/docbook">mlatu</valsi> --  -- 
glosscheck: <valsi xmlns="http://docbook.org/ns/docbook">mo'i</valsi> --  -- 
glosscheck: <valsi xmlns="http://docbook.org/ns/docbook">mo'o</valsi> --  -- 
glosscheck: <valsi xmlns="http://docbook.org/ns/docbook">morji</valsi> --  -- 
glosscheck: <valsi xmlns="http://docbook.org/ns/docbook">morsi</valsi> --  -- 
glosscheck: <valsi xmlns="http://docbook.org/ns/docbook">mo'u</valsi> --  -- 
glosscheck: <valsi xmlns="http://docbook.org/ns/docbook">mu</valsi> --  -- 
glosscheck: <valsi xmlns="http://docbook.org/ns/docbook">mu'a</valsi> --  -- 
glosscheck: <valsi xmlns="http://docbook.org/ns/docbook">mu'anai</valsi> --  -- 
glosscheck: <valsi xmlns="http://docbook.org/ns/docbook">mu'i</valsi> --  -- 
glosscheck: <valsi xmlns="http://docbook.org/ns/docbook">mulno</valsi> --  -- 
glosscheck: <valsi xmlns="http://docbook.org/ns/docbook">murta</valsi> --  -- 
glosscheck: <valsi xmlns="http://docbook.org/ns/docbook">mutce</valsi> --  -- 
glosscheck: <valsi xmlns="http://docbook.org/ns/docbook">muvdu</valsi> --  -- 
glosscheck: <valsi xmlns="http://docbook.org/ns/docbook">my.</valsi> --  -- 
glosscheck: <valsi xmlns="http://docbook.org/ns/docbook">na</valsi> --  -- 
glosscheck: <valsi xmlns="http://docbook.org/ns/docbook">na'e</valsi> --  -- 
glosscheck: <valsi xmlns="http://docbook.org/ns/docbook">nai</valsi> --  -- 
glosscheck: <valsi xmlns="http://docbook.org/ns/docbook">najnimre</valsi> --  -- 
glosscheck: <valsi xmlns="http://docbook.org/ns/docbook">naku</valsi> --  -- 
glosscheck: <valsi xmlns="http://docbook.org/ns/docbook">nanba</valsi> --  -- 
glosscheck: <valsi xmlns="http://docbook.org/ns/docbook">nanla</valsi> --  -- 
glosscheck: <valsi xmlns="http://docbook.org/ns/docbook">ne</valsi> --  -- 
glosscheck: <valsi xmlns="http://docbook.org/ns/docbook">ne'a</valsi> --  -- 
glosscheck: <valsi xmlns="http://docbook.org/ns/docbook">ne'i</valsi> --  -- 
glosscheck: <valsi xmlns="http://docbook.org/ns/docbook">ni'a</valsi> --  -- 
glosscheck: <valsi xmlns="http://docbook.org/ns/docbook">nicte</valsi> --  -- 
glosscheck: <valsi xmlns="http://docbook.org/ns/docbook">ninmu</valsi> --  -- 
glosscheck: <valsi xmlns="http://docbook.org/ns/docbook">ni'o</valsi> --  -- 
glosscheck: <valsi xmlns="http://docbook.org/ns/docbook">nixli</valsi> --  -- 
glosscheck: <valsi xmlns="http://docbook.org/ns/docbook">no</valsi> --  -- 
glosscheck: <valsi xmlns="http://docbook.org/ns/docbook">noi</valsi> --  -- 
glosscheck: <valsi xmlns="http://docbook.org/ns/docbook">noroi</valsi> --  -- 
glosscheck: <valsi xmlns="http://docbook.org/ns/docbook">nu</valsi> --  -- 
glosscheck: <valsi xmlns="http://docbook.org/ns/docbook">nu'o</valsi> --  -- 
glosscheck: <valsi xmlns="http://docbook.org/ns/docbook">nupre</valsi> --  -- 
glosscheck: <valsi xmlns="http://docbook.org/ns/docbook">nuzlo</valsi> --  -- 
glosscheck: <valsi xmlns="http://docbook.org/ns/docbook">pa</valsi> --  -- 
glosscheck: <valsi xmlns="http://docbook.org/ns/docbook">pacna</valsi> --  -- 
glosscheck: <valsi xmlns="http://docbook.org/ns/docbook">pagre</valsi> --  -- 
glosscheck: <valsi xmlns="http://docbook.org/ns/docbook">palta</valsi> --  -- 
glosscheck: <valsi xmlns="http://docbook.org/ns/docbook">pamai</valsi> --  -- 
glosscheck: <valsi xmlns="http://docbook.org/ns/docbook">pamoi</valsi> --  -- 
glosscheck: <valsi xmlns="http://docbook.org/ns/docbook">panci</valsi> --  -- 
glosscheck: <valsi xmlns="http://docbook.org/ns/docbook">pa'o</valsi> --  -- 
glosscheck: <valsi xmlns="http://docbook.org/ns/docbook">pare'uku</valsi> --  -- 
glosscheck: <valsi xmlns="http://docbook.org/ns/docbook">pau</valsi> --  -- 
glosscheck: <valsi xmlns="http://docbook.org/ns/docbook">pe</valsi> --  -- 
glosscheck: <valsi xmlns="http://docbook.org/ns/docbook">pe'a</valsi> --  -- 
glosscheck: <valsi xmlns="http://docbook.org/ns/docbook">pei</valsi> --  -- 
glosscheck: <valsi xmlns="http://docbook.org/ns/docbook">pe'i</valsi> --  -- 
glosscheck: <valsi xmlns="http://docbook.org/ns/docbook">pelji</valsi> --  -- 
glosscheck: <valsi xmlns="http://docbook.org/ns/docbook">pendo</valsi> --  -- 
glosscheck: <valsi xmlns="http://docbook.org/ns/docbook">penmi</valsi> --  -- 
glosscheck: <valsi xmlns="http://docbook.org/ns/docbook">pensi</valsi> --  -- 
glosscheck: <valsi xmlns="http://docbook.org/ns/docbook">pezli</valsi> --  -- 
glosscheck: <valsi xmlns="http://docbook.org/ns/docbook">pimlu</valsi> --  -- 
glosscheck: <valsi xmlns="http://docbook.org/ns/docbook">pinta</valsi> --  -- 
glosscheck: <valsi xmlns="http://docbook.org/ns/docbook">pinxe</valsi> --  -- 
glosscheck: <valsi xmlns="http://docbook.org/ns/docbook">pixra</valsi> --  -- 
glosscheck: <valsi xmlns="http://docbook.org/ns/docbook">platu</valsi> --  -- 
glosscheck: <valsi xmlns="http://docbook.org/ns/docbook">plipe</valsi> --  -- 
glosscheck: <valsi xmlns="http://docbook.org/ns/docbook">pluka</valsi> --  -- 
glosscheck: <valsi xmlns="http://docbook.org/ns/docbook">pluta</valsi> --  -- 
glosscheck: <valsi xmlns="http://docbook.org/ns/docbook">poi</valsi> --  -- 
glosscheck: <valsi xmlns="http://docbook.org/ns/docbook">polje</valsi> --  -- 
glosscheck: <valsi xmlns="http://docbook.org/ns/docbook">po'o</valsi> --  -- 
glosscheck: <valsi xmlns="http://docbook.org/ns/docbook">porsi</valsi> --  -- 
glosscheck: <valsi xmlns="http://docbook.org/ns/docbook">prali</valsi> --  -- 
glosscheck: <valsi xmlns="http://docbook.org/ns/docbook">prenu</valsi> --  -- 
glosscheck: <valsi xmlns="http://docbook.org/ns/docbook">preti</valsi> --  -- 
glosscheck: <valsi xmlns="http://docbook.org/ns/docbook">prije</valsi> --  -- 
glosscheck: <valsi xmlns="http://docbook.org/ns/docbook">prina</valsi> --  -- 
glosscheck: <valsi xmlns="http://docbook.org/ns/docbook">pu</valsi> --  -- 
glosscheck: <valsi xmlns="http://docbook.org/ns/docbook">pu'i</valsi> --  -- 
glosscheck: <valsi xmlns="http://docbook.org/ns/docbook">pulji</valsi> --  -- 
glosscheck: <valsi xmlns="http://docbook.org/ns/docbook">punji</valsi> --  -- 
glosscheck: <valsi xmlns="http://docbook.org/ns/docbook">pu'o</valsi> --  -- 
glosscheck: <valsi xmlns="http://docbook.org/ns/docbook">purdi</valsi> --  -- 
glosscheck: <valsi xmlns="http://docbook.org/ns/docbook">ractu</valsi> --  -- 
glosscheck: <valsi xmlns="http://docbook.org/ns/docbook">rai</valsi> --  -- 
glosscheck: <valsi xmlns="http://docbook.org/ns/docbook">raktu</valsi> --  -- 
glosscheck: <valsi xmlns="http://docbook.org/ns/docbook">ranji</valsi> --  -- 
glosscheck: <valsi xmlns="http://docbook.org/ns/docbook">rarna</valsi> --  -- 
glosscheck: <valsi xmlns="http://docbook.org/ns/docbook">ratcu</valsi> --  -- 
glosscheck: <valsi xmlns="http://docbook.org/ns/docbook">re</valsi> --  -- 
glosscheck: <valsi xmlns="http://docbook.org/ns/docbook">remai</valsi> --  -- 
glosscheck: <valsi xmlns="http://docbook.org/ns/docbook">remei</valsi> --  -- 
glosscheck: <valsi xmlns="http://docbook.org/ns/docbook">remna</valsi> --  -- 
glosscheck: <valsi xmlns="http://docbook.org/ns/docbook">re'o</valsi> --  -- 
glosscheck: <valsi xmlns="http://docbook.org/ns/docbook">rere'u</valsi> --  -- 
glosscheck: <valsi xmlns="http://docbook.org/ns/docbook">retsku</valsi> --  -- 
glosscheck: <valsi xmlns="http://docbook.org/ns/docbook">ri</valsi> --  -- 
glosscheck: <valsi xmlns="http://docbook.org/ns/docbook">ri'a</valsi> --  -- 
glosscheck: <valsi xmlns="http://docbook.org/ns/docbook">rigni</valsi> --  -- 
glosscheck: <valsi xmlns="http://docbook.org/ns/docbook">rinka</valsi> --  -- 
glosscheck: <valsi xmlns="http://docbook.org/ns/docbook">rirxe</valsi> --  -- 
glosscheck: <valsi xmlns="http://docbook.org/ns/docbook">ro</valsi> --  -- 
glosscheck: <valsi xmlns="http://docbook.org/ns/docbook">ro'a</valsi> --  -- 
glosscheck: <valsi xmlns="http://docbook.org/ns/docbook">roi</valsi> --  -- 
glosscheck: <valsi xmlns="http://docbook.org/ns/docbook">ru</valsi> --  -- 
glosscheck: <valsi xmlns="http://docbook.org/ns/docbook">rutrceraso</valsi> --  -- 
glosscheck: <valsi xmlns="http://docbook.org/ns/docbook">ru'u</valsi> --  -- 
glosscheck: <valsi xmlns="http://docbook.org/ns/docbook">sai</valsi> --  -- 
glosscheck: <valsi xmlns="http://docbook.org/ns/docbook">sakta</valsi> --  -- 
glosscheck: <valsi xmlns="http://docbook.org/ns/docbook">salpo</valsi> --  -- 
glosscheck: <valsi xmlns="http://docbook.org/ns/docbook">sampu</valsi> --  -- 
glosscheck: <valsi xmlns="http://docbook.org/ns/docbook">sance</valsi> --  -- 
glosscheck: <valsi xmlns="http://docbook.org/ns/docbook">sanga</valsi> --  -- 
glosscheck: <valsi xmlns="http://docbook.org/ns/docbook">sanji</valsi> --  -- 
glosscheck: <valsi xmlns="http://docbook.org/ns/docbook">sanli</valsi> --  -- 
glosscheck: <valsi xmlns="http://docbook.org/ns/docbook">sanmi</valsi> --  -- 
glosscheck: <valsi xmlns="http://docbook.org/ns/docbook">savru</valsi> --  -- 
glosscheck: <valsi xmlns="http://docbook.org/ns/docbook">se</valsi> --  -- 
glosscheck: <valsi xmlns="http://docbook.org/ns/docbook">sedu'u</valsi> --  -- 
glosscheck: <valsi xmlns="http://docbook.org/ns/docbook">sei</valsi> --  -- 
glosscheck: <valsi xmlns="http://docbook.org/ns/docbook">se'i</valsi> --  -- 
glosscheck: <valsi xmlns="http://docbook.org/ns/docbook">seja'eku</valsi> --  -- 
glosscheck: <valsi xmlns="http://docbook.org/ns/docbook">sela'u</valsi> --  -- 
glosscheck: <valsi xmlns="http://docbook.org/ns/docbook">semu'ibo</valsi> --  -- 
glosscheck: <valsi xmlns="http://docbook.org/ns/docbook">senva</valsi> --  -- 
glosscheck: <valsi xmlns="http://docbook.org/ns/docbook">serti</valsi> --  -- 
glosscheck: <valsi xmlns="http://docbook.org/ns/docbook">siclu</valsi> --  -- 
glosscheck: <valsi xmlns="http://docbook.org/ns/docbook">sidju</valsi> --  -- 
glosscheck: <valsi xmlns="http://docbook.org/ns/docbook">simlu</valsi> --  -- 
glosscheck: <valsi xmlns="http://docbook.org/ns/docbook">simsa</valsi> --  -- 
glosscheck: <valsi xmlns="http://docbook.org/ns/docbook">simxu</valsi> --  -- 
glosscheck: <valsi xmlns="http://docbook.org/ns/docbook">sipna</valsi> --  -- 
glosscheck: <valsi xmlns="http://docbook.org/ns/docbook">sirji</valsi> --  -- 
glosscheck: <valsi xmlns="http://docbook.org/ns/docbook">skicu</valsi> --  -- 
glosscheck: <valsi xmlns="http://docbook.org/ns/docbook">slabu</valsi> --  -- 
glosscheck: <valsi xmlns="http://docbook.org/ns/docbook">sligu</valsi> --  -- 
glosscheck: <valsi xmlns="http://docbook.org/ns/docbook">smacu</valsi> --  -- 
glosscheck: <valsi xmlns="http://docbook.org/ns/docbook">smudukti</valsi> --  -- 
glosscheck: <valsi xmlns="http://docbook.org/ns/docbook">smuni</valsi> --  -- 
glosscheck: <valsi xmlns="http://docbook.org/ns/docbook">snada</valsi> --  -- 
glosscheck: <valsi xmlns="http://docbook.org/ns/docbook">so'i</valsi> --  -- 
glosscheck: <valsi xmlns="http://docbook.org/ns/docbook">solji</valsi> --  -- 
glosscheck: <valsi xmlns="http://docbook.org/ns/docbook">solri</valsi> --  -- 
glosscheck: <valsi xmlns="http://docbook.org/ns/docbook">so'o</valsi> --  -- 
glosscheck: <valsi xmlns="http://docbook.org/ns/docbook">so'u</valsi> --  -- 
glosscheck: <valsi xmlns="http://docbook.org/ns/docbook">sovda</valsi> --  -- 
glosscheck: <valsi xmlns="http://docbook.org/ns/docbook">spaji</valsi> --  -- 
glosscheck: <valsi xmlns="http://docbook.org/ns/docbook">spati</valsi> --  -- 
glosscheck: <valsi xmlns="http://docbook.org/ns/docbook">spuda</valsi> --  -- 
glosscheck: <valsi xmlns="http://docbook.org/ns/docbook">spusku</valsi> --  -- 
glosscheck: <valsi xmlns="http://docbook.org/ns/docbook">sraji</valsi> --  -- 
glosscheck: <valsi xmlns="http://docbook.org/ns/docbook">sraku</valsi> --  -- 
glosscheck: <valsi xmlns="http://docbook.org/ns/docbook">sralo</valsi> --  -- 
glosscheck: <valsi xmlns="http://docbook.org/ns/docbook">sruri</valsi> --  -- 
glosscheck: <valsi xmlns="http://docbook.org/ns/docbook">stedu</valsi> --  -- 
glosscheck: <valsi xmlns="http://docbook.org/ns/docbook">stela</valsi> --  -- 
glosscheck: <valsi xmlns="http://docbook.org/ns/docbook">stuzi</valsi> --  -- 
glosscheck: <valsi xmlns="http://docbook.org/ns/docbook">sudga</valsi> --  -- 
glosscheck: <valsi xmlns="http://docbook.org/ns/docbook">su'e</valsi> --  -- 
glosscheck: <valsi xmlns="http://docbook.org/ns/docbook">suksa</valsi> --  -- 
glosscheck: <valsi xmlns="http://docbook.org/ns/docbook">sunsicyjudri</valsi> --  -- 
glosscheck: <valsi xmlns="http://docbook.org/ns/docbook">su'o</valsi> --  -- 
glosscheck: <valsi xmlns="http://docbook.org/ns/docbook">su'oroi</valsi> --  -- 
glosscheck: <valsi xmlns="http://docbook.org/ns/docbook">sutra</valsi> --  -- 
glosscheck: <valsi xmlns="http://docbook.org/ns/docbook">tadji</valsi> --  -- 
glosscheck: <valsi xmlns="http://docbook.org/ns/docbook">ta'e</valsi> --  -- 
glosscheck: <valsi xmlns="http://docbook.org/ns/docbook">ta'eku</valsi> --  -- 
glosscheck: <valsi xmlns="http://docbook.org/ns/docbook">tagji</valsi> --  -- 
glosscheck: <valsi xmlns="http://docbook.org/ns/docbook">tai</valsi> --  -- 
glosscheck: <valsi xmlns="http://docbook.org/ns/docbook">ta'i</valsi> --  -- 
glosscheck: <valsi xmlns="http://docbook.org/ns/docbook">tamtam</valsi> --  -- 
glosscheck: <valsi xmlns="http://docbook.org/ns/docbook">ta'o</valsi> --  -- 
glosscheck: <valsi xmlns="http://docbook.org/ns/docbook">tatpi</valsi> --  -- 
glosscheck: <valsi xmlns="http://docbook.org/ns/docbook">tavla</valsi> --  -- 
glosscheck: <valsi xmlns="http://docbook.org/ns/docbook">tcadu</valsi> --  -- 
glosscheck: <valsi xmlns="http://docbook.org/ns/docbook">tcica</valsi> --  -- 
glosscheck: <valsi xmlns="http://docbook.org/ns/docbook">tcidu</valsi> --  -- 
glosscheck: <valsi xmlns="http://docbook.org/ns/docbook">tcika</valsi> --  -- 
glosscheck: <valsi xmlns="http://docbook.org/ns/docbook">tcita</valsi> --  -- 
glosscheck: <valsi xmlns="http://docbook.org/ns/docbook">te</valsi> --  -- 
glosscheck: <valsi xmlns="http://docbook.org/ns/docbook">terdi</valsi> --  -- 
glosscheck: <valsi xmlns="http://docbook.org/ns/docbook">terpa</valsi> --  -- 
glosscheck: <valsi xmlns="http://docbook.org/ns/docbook">ti</valsi> --  -- 
glosscheck: <valsi xmlns="http://docbook.org/ns/docbook">tirna</valsi> --  -- 
glosscheck: <valsi xmlns="http://docbook.org/ns/docbook">tirxu</valsi> --  -- 
glosscheck: <valsi xmlns="http://docbook.org/ns/docbook">tisna</valsi> --  -- 
glosscheck: <valsi xmlns="http://docbook.org/ns/docbook">to</valsi> --  -- 
glosscheck: <valsi xmlns="http://docbook.org/ns/docbook">toi</valsi> --  -- 
glosscheck: <valsi xmlns="http://docbook.org/ns/docbook">to'isa'a</valsi> --  -- 
glosscheck: <valsi xmlns="http://docbook.org/ns/docbook">tolcanci</valsi> --  -- 
glosscheck: <valsi xmlns="http://docbook.org/ns/docbook">tolpu'i</valsi> --  -- 
glosscheck: <valsi xmlns="http://docbook.org/ns/docbook">to'o</valsi> --  -- 
glosscheck: <valsi xmlns="http://docbook.org/ns/docbook">tordu</valsi> --  -- 
glosscheck: <valsi xmlns="http://docbook.org/ns/docbook">traji</valsi> --  -- 
glosscheck: <valsi xmlns="http://docbook.org/ns/docbook">tricu</valsi> --  -- 
glosscheck: <valsi xmlns="http://docbook.org/ns/docbook">trixe</valsi> --  -- 
glosscheck: <valsi xmlns="http://docbook.org/ns/docbook">troci</valsi> --  -- 
glosscheck: <valsi xmlns="http://docbook.org/ns/docbook">tu'a</valsi> --  -- 
glosscheck: <valsi xmlns="http://docbook.org/ns/docbook">tubnu</valsi> --  -- 
glosscheck: <valsi xmlns="http://docbook.org/ns/docbook">tugni</valsi> --  -- 
glosscheck: <valsi xmlns="http://docbook.org/ns/docbook">tumla</valsi> --  -- 
glosscheck: <valsi xmlns="http://docbook.org/ns/docbook">tunta</valsi> --  -- 
glosscheck: <valsi xmlns="http://docbook.org/ns/docbook">tuple</valsi> --  -- 
glosscheck: <valsi xmlns="http://docbook.org/ns/docbook">va</valsi> --  -- 
glosscheck: <valsi xmlns="http://docbook.org/ns/docbook">vacri</valsi> --  -- 
glosscheck: <valsi xmlns="http://docbook.org/ns/docbook">va'e</valsi> --  -- 
glosscheck: <valsi xmlns="http://docbook.org/ns/docbook">vajni</valsi> --  -- 
glosscheck: <valsi xmlns="http://docbook.org/ns/docbook">valsi</valsi> --  -- 
glosscheck: <valsi xmlns="http://docbook.org/ns/docbook">vanci</valsi> --  -- 
glosscheck: <valsi xmlns="http://docbook.org/ns/docbook">va'o</valsi> --  -- 
glosscheck: <valsi xmlns="http://docbook.org/ns/docbook">vasru</valsi> --  -- 
glosscheck: <valsi xmlns="http://docbook.org/ns/docbook">vau</valsi> --  -- 
glosscheck: <valsi xmlns="http://docbook.org/ns/docbook">va'u</valsi> --  -- 
glosscheck: <valsi xmlns="http://docbook.org/ns/docbook">ve'a</valsi> --  -- 
glosscheck: <valsi xmlns="http://docbook.org/ns/docbook">vensa</valsi> --  -- 
glosscheck: <valsi xmlns="http://docbook.org/ns/docbook">verba</valsi> --  -- 
glosscheck: <valsi xmlns="http://docbook.org/ns/docbook">vi</valsi> --  -- 
glosscheck: <valsi xmlns="http://docbook.org/ns/docbook">vi'i</valsi> --  -- 
glosscheck: <valsi xmlns="http://docbook.org/ns/docbook">vikmi</valsi> --  -- 
glosscheck: <valsi xmlns="http://docbook.org/ns/docbook">vindu</valsi> --  -- 
glosscheck: <valsi xmlns="http://docbook.org/ns/docbook">vinji</valsi> --  -- 
glosscheck: <valsi xmlns="http://docbook.org/ns/docbook">virnu</valsi> --  -- 
glosscheck: <valsi xmlns="http://docbook.org/ns/docbook">viska</valsi> --  -- 
glosscheck: <valsi xmlns="http://docbook.org/ns/docbook">vlipa</valsi> --  -- 
glosscheck: <valsi xmlns="http://docbook.org/ns/docbook">vo</valsi> --  -- 
glosscheck: <valsi xmlns="http://docbook.org/ns/docbook">vofli</valsi> --  -- 
glosscheck: <valsi xmlns="http://docbook.org/ns/docbook">voi</valsi> --  -- 
glosscheck: <valsi xmlns="http://docbook.org/ns/docbook">vorme</valsi> --  -- 
glosscheck: <valsi xmlns="http://docbook.org/ns/docbook">vreji</valsi> --  -- 
glosscheck: <valsi xmlns="http://docbook.org/ns/docbook">vrusi</valsi> --  -- 
glosscheck: <valsi xmlns="http://docbook.org/ns/docbook">vu'i</valsi> --  -- 
glosscheck: <valsi xmlns="http://docbook.org/ns/docbook">vu'o</valsi> --  -- 
glosscheck: <valsi xmlns="http://docbook.org/ns/docbook">vy.</valsi> --  -- 
glosscheck: <valsi xmlns="http://docbook.org/ns/docbook">xabju</valsi> --  -- 
glosscheck: <valsi xmlns="http://docbook.org/ns/docbook">xajmi</valsi> --  -- 
glosscheck: <valsi xmlns="http://docbook.org/ns/docbook">xamgu</valsi> --  -- 
glosscheck: <valsi xmlns="http://docbook.org/ns/docbook">xance</valsi> --  -- 
glosscheck: <valsi xmlns="http://docbook.org/ns/docbook">xanka</valsi> --  -- 
glosscheck: <valsi xmlns="http://docbook.org/ns/docbook">xanri</valsi> --  -- 
glosscheck: <valsi xmlns="http://docbook.org/ns/docbook">xanto</valsi> --  -- 
glosscheck: <valsi xmlns="http://docbook.org/ns/docbook">xarci</valsi> --  -- 
glosscheck: <valsi xmlns="http://docbook.org/ns/docbook">xirnzebra</valsi> --  -- 
glosscheck: <valsi xmlns="http://docbook.org/ns/docbook">xo</valsi> --  -- 
glosscheck: <valsi xmlns="http://docbook.org/ns/docbook">xokau</valsi> --  -- 
glosscheck: <valsi xmlns="http://docbook.org/ns/docbook">xrani</valsi> --  -- 
glosscheck: <valsi xmlns="http://docbook.org/ns/docbook">xruki</valsi> --  -- 
glosscheck: <valsi xmlns="http://docbook.org/ns/docbook">xrula</valsi> --  -- 
glosscheck: <valsi xmlns="http://docbook.org/ns/docbook">xu</valsi> --  -- 
glosscheck: <valsi xmlns="http://docbook.org/ns/docbook">xunblabi</valsi> --  -- 
glosscheck: <valsi xmlns="http://docbook.org/ns/docbook">xunre</valsi> --  -- 
glosscheck: <valsi xmlns="http://docbook.org/ns/docbook">za</valsi> --  -- 
glosscheck: <valsi xmlns="http://docbook.org/ns/docbook">za'a</valsi> --  -- 
glosscheck: <valsi xmlns="http://docbook.org/ns/docbook">za'o</valsi> --  -- 
glosscheck: <valsi xmlns="http://docbook.org/ns/docbook">zarci</valsi> --  -- 
glosscheck: <valsi xmlns="http://docbook.org/ns/docbook">za'ure'u</valsi> --  -- 
glosscheck: <valsi xmlns="http://docbook.org/ns/docbook">zbasu</valsi> --  -- 
glosscheck: <valsi xmlns="http://docbook.org/ns/docbook">zdani</valsi> --  -- 
glosscheck: <valsi xmlns="http://docbook.org/ns/docbook">ze'a</valsi> --  -- 
glosscheck: <valsi xmlns="http://docbook.org/ns/docbook">ze'e</valsi> --  -- 
glosscheck: <valsi xmlns="http://docbook.org/ns/docbook">ze'i</valsi> --  -- 
glosscheck: <valsi xmlns="http://docbook.org/ns/docbook">zenba</valsi> --  -- 
glosscheck: <valsi xmlns="http://docbook.org/ns/docbook">zgana</valsi> --  -- 
glosscheck: <valsi xmlns="http://docbook.org/ns/docbook">zi</valsi> --  -- 
glosscheck: <valsi xmlns="http://docbook.org/ns/docbook">zi'e</valsi> --  -- 
glosscheck: <valsi xmlns="http://docbook.org/ns/docbook">zifre</valsi> --  -- 
glosscheck: <valsi xmlns="http://docbook.org/ns/docbook">zildukse</valsi> --  -- 
glosscheck: <valsi xmlns="http://docbook.org/ns/docbook">zmadu</valsi> --  -- 
glosscheck: <valsi xmlns="http://docbook.org/ns/docbook">zo</valsi> --  -- 
glosscheck: <valsi xmlns="http://docbook.org/ns/docbook">zo'u</valsi> --  -- 
glosscheck: <valsi xmlns="http://docbook.org/ns/docbook">zu'e</valsi> --  -- 
glosscheck: <valsi xmlns="http://docbook.org/ns/docbook">zukte</valsi> --  -- 
glosscheck: <valsi xmlns="http://docbook.org/ns/docbook">zutse</valsi> --  -- 
glosscheck: <valsi xmlns="http://docbook.org/ns/docbook">zu'u</valsi> --  -- 
glosscheck: <valsi xmlns="http://docbook.org/ns/docbook">zvafa'i</valsi> --  -- 
glosscheck: <valsi xmlns="http://docbook.org/ns/docbook">zvati</valsi> --  -- 
